nohup: ignoring input
h: 40775
mod: 0
(1, 512, 512, 3)
2017-07-21 15:28:41.906422: W tensorflow/core/platform/cpu_feature_guard.cc:45] The TensorFlow library wasn't compiled to use SSE4.1 instructions, but these are available on your machine and could speed up CPU computations.
2017-07-21 15:28:41.906459: W tensorflow/core/platform/cpu_feature_guard.cc:45] The TensorFlow library wasn't compiled to use SSE4.2 instructions, but these are available on your machine and could speed up CPU computations.
2017-07-21 15:28:41.906468: W tensorflow/core/platform/cpu_feature_guard.cc:45] The TensorFlow library wasn't compiled to use AVX instructions, but these are available on your machine and could speed up CPU computations.
2017-07-21 15:28:41.906475: W tensorflow/core/platform/cpu_feature_guard.cc:45] The TensorFlow library wasn't compiled to use AVX2 instructions, but these are available on your machine and could speed up CPU computations.
2017-07-21 15:28:41.906482: W tensorflow/core/platform/cpu_feature_guard.cc:45] The TensorFlow library wasn't compiled to use FMA instructions, but these are available on your machine and could speed up CPU computations.
2017-07-21 15:28:45.613206: I tensorflow/core/common_runtime/gpu/gpu_device.cc:887] Found device 0 with properties: 
name: Tesla M40 24GB
major: 5 minor: 2 memoryClockRate (GHz) 1.112
pciBusID 0000:03:00.0
Total memory: 22.41GiB
Free memory: 22.30GiB
2017-07-21 15:28:45.613384: I tensorflow/core/common_runtime/gpu/gpu_device.cc:908] DMA: 0 
2017-07-21 15:28:45.613400: I tensorflow/core/common_runtime/gpu/gpu_device.cc:918] 0:   Y 
2017-07-21 15:28:45.613435: I tensorflow/core/common_runtime/gpu/gpu_device.cc:977] Creating TensorFlow device (/gpu:0) -> (device: 0, name: Tesla M40 24GB, pci bus id: 0000:03:00.0)
2017-07-21 15:28:48.729082: I tensorflow/core/common_runtime/gpu/gpu_device.cc:977] Creating TensorFlow device (/gpu:0) -> (device: 0, name: Tesla M40 24GB, pci bus id: 0000:03:00.0)
UID: 28
[[[[ 167.68811035  158.49624634  165.99050903]
   [ 153.20684814  161.55209351  158.33836365]
   [ 145.12614441  152.73535156  166.89596558]
   ..., 
   [ 142.9213562   125.73894501  125.80727386]
   [ 120.68780518  125.88175964  140.46575928]
   [ 103.00654602  116.21478271  113.00828552]]

  [[ 168.26855469  166.05200195  149.52020264]
   [ 175.39852905  159.35404968  146.84840393]
   [ 158.2039032   152.38659668  139.68566895]
   ..., 
   [ 113.10481262  132.15939331  125.23745728]
   [ 128.04145813  103.61625671  126.48390961]
   [ 103.82086182  103.97418213  108.09802246]]

  [[ 163.3125      156.97879028  159.02142334]
   [ 158.37512207  152.93734741  176.02911377]
   [ 146.53564453  151.54972839  165.79315186]
   ..., 
   [ 122.19477081   92.26422119  127.06959534]
   [  75.45550537   98.712883    137.45675659]
   [ 114.43106079   78.84790039  134.85394287]]

  ..., 
  [[ 165.80215454   88.30060577   63.09991455]
   [  67.69195557  134.85623169  107.67080688]
   [ 174.86761475   59.6029129     5.3409729 ]
   ..., 
   [  58.39831543   42.87026215   43.13078308]
   [  99.21375275   92.68754578   47.31946564]
   [ 155.56312561   74.29763031   64.44571686]]

  [[ 108.00176239  133.39331055  109.9298172 ]
   [  80.94438171   49.51579285  153.73568726]
   [  47.8055954    85.13990784  107.23286438]
   ..., 
   [  64.36513519   43.34286499   92.4812851 ]
   [  80.97251129   84.3769455   163.60681152]
   [ 115.80296326  120.846138    131.33998108]]

  [[ 140.61280823   96.67227936   80.30870056]
   [ 132.51358032  125.95128632   68.62760162]
   [ 147.7230835    90.00852966   62.28311157]
   ..., 
   [  76.05558777  110.60736847   83.87944031]
   [ 166.79217529  112.11400604  112.33187866]
   [ 128.4793396   171.5330658   125.43186188]]]] (3488823.0, 5461815.0, 488445.38, 9439083.0) 2000 0
Epoch 0, Iteration: 2000, Loss: 9.43908e+06
style: 3.48882e+06, content:5.46182e+06, tv: 488445.0
2017-07-21 15:33:16.346682: I tensorflow/core/common_runtime/gpu/gpu_device.cc:977] Creating TensorFlow device (/gpu:0) -> (device: 0, name: Tesla M40 24GB, pci bus id: 0000:03:00.0)
[[[[ 142.38131714  134.21443176  147.91485596]
   [ 129.08001709  125.98443604  136.98542786]
   [ 113.07762146  127.03892517  139.35806274]
   ..., 
   [ 140.07232666  127.98640442  130.4234314 ]
   [ 129.99427795  121.78098297  152.05076599]
   [ 109.21716309  120.76971436  110.77455902]]

  [[ 123.42581177  129.27557373  125.50138092]
   [ 122.14678955  120.49951172  125.66189575]
   [ 108.97530365  111.33200073  133.88438416]
   ..., 
   [ 119.0479126   125.77085876  131.68130493]
   [ 127.16716003  105.27378082  152.51037598]
   [  82.85777283  115.03317261  114.59929657]]

  [[ 124.25559998  118.20037842  129.27377319]
   [ 116.1532135   107.13330078  119.28095245]
   [ 118.01553345  113.6614151   123.29472351]
   ..., 
   [ 127.57287598  109.30174255  126.04600525]
   [  97.63930511  102.00676727  133.95001221]
   [ 121.85687256  106.98097229  133.78286743]]

  ..., 
  [[ 106.01049042   97.19088745   80.28874969]
   [  81.80909729  104.07926941   99.59361267]
   [ 120.18804932   82.54800415   50.72766113]
   ..., 
   [  83.1075592    72.17970276   78.28849792]
   [ 101.154953    119.1166153    84.87556458]
   [ 145.34547424   83.13352966  112.80545807]]

  [[ 129.81895447  120.94309235  106.51236725]
   [  97.69065857   91.76226807  117.82279968]
   [  81.59307861   89.98496246   81.59148407]
   ..., 
   [  90.45307922   97.95672607   77.97618103]
   [ 117.57709503   96.4046936   121.03567505]
   [ 125.28103638  137.04296875  105.79994965]]

  [[ 125.80297089  105.44822693   98.47535706]
   [ 126.97711182  116.38437653  108.03676605]
   [ 121.99006653  111.60775757  105.44822693]
   ..., 
   [  94.29089355  103.69595337   89.23509216]
   [ 150.31829834  128.80848694  116.52764893]
   [ 144.12295532  149.20761108  143.45115662]]]] (2906826.2, 5596152.5, 193705.34, 8696684.0) 4000 0
Epoch 0, Iteration: 4000, Loss: 8.69668e+06
style: 2.90683e+06, content:5.59615e+06, tv: 193705.0
2017-07-21 15:37:40.914382: I tensorflow/core/common_runtime/gpu/gpu_device.cc:977] Creating TensorFlow device (/gpu:0) -> (device: 0, name: Tesla M40 24GB, pci bus id: 0000:03:00.0)
[[[[ 146.970047    113.11758423  135.99674988]
   [ 114.25415039  109.78323364  122.64590454]
   [ 115.2098465   125.32287598  112.84300995]
   ..., 
   [ 121.40228271   95.139328    108.06712341]
   [  91.9879303    96.90392303  122.17337036]
   [  85.83133698   84.08282471   75.58283997]]

  [[ 107.43035126  118.19966125  104.70021057]
   [ 117.87498474  107.25300598  107.08917236]
   [  87.57826233   83.66101074  106.126297  ]
   ..., 
   [  88.34254456   90.34321594   95.73397064]
   [ 103.08546448   69.79607391  123.28836823]
   [  46.55557251   87.16864014   64.77998352]]

  [[ 100.46681976  105.81195831   99.08769989]
   [  96.52474976   88.46511078   85.37677002]
   [ 109.14229584   90.83638     111.88612366]
   ..., 
   [  86.62605286   73.89014435   92.72747803]
   [  63.81782532   56.29084015   96.34934235]
   [  86.8347702    73.27757263   89.24719238]]

  ..., 
  [[ 108.20533752   96.59498596   81.32990265]
   [  98.77458191  122.31532288  121.52540588]
   [ 119.05786133  112.65154266   87.70187378]
   ..., 
   [  83.83935547   82.94088745   71.56108093]
   [  92.58760071   99.0291214    71.09872437]
   [ 100.85279846   96.18255615   91.13589478]]

  [[ 135.1031189   139.65623474   99.9174118 ]
   [ 117.18972778   99.06406403  125.21865845]
   [ 109.74258423  115.12205505  108.31031036]
   ..., 
   [  71.01079559  102.29172516   81.71176147]
   [ 112.02320099   89.71308136   97.80111694]
   [ 107.99541473  131.44992065   95.62554932]]

  [[ 138.24937439  110.9993515   103.04257202]
   [ 130.85855103  129.59771729  108.14878845]
   [ 141.4354248   133.83282471  120.91918945]
   ..., 
   [  99.98680115   93.51493835   99.08208466]
   [ 139.23345947  113.00260925  135.31945801]
   [ 113.89788818  135.15986633  143.15393066]]]] (2091651.0, 5033445.0, 172857.62, 7297953.5) 6000 0
Epoch 0, Iteration: 6000, Loss: 7.29795e+06
style: 2.09165e+06, content:5.03344e+06, tv: 172858.0
2017-07-21 15:42:06.139450: I tensorflow/core/common_runtime/gpu/gpu_device.cc:977] Creating TensorFlow device (/gpu:0) -> (device: 0, name: Tesla M40 24GB, pci bus id: 0000:03:00.0)
[[[[ 139.13925171  129.44165039  140.57556152]
   [ 135.47590637  133.05305481  143.23977661]
   [ 137.04595947  129.38598633  141.44680786]
   ..., 
   [ 105.61663055   96.84252167  102.4149704 ]
   [  90.17417908   96.30323792  107.15197754]
   [  85.22085571   83.80541992   83.44224548]]

  [[ 131.75787354  129.51818848  135.53860474]
   [ 134.64093018  127.211586    136.78604126]
   [ 123.09236145  129.38012695  138.22468567]
   ..., 
   [  84.2562561    84.68461609   89.27444458]
   [  89.99699402   80.41035461  109.5957489 ]
   [  67.95685577   87.48131561   83.61499786]]

  [[ 128.67085266  126.02928925  131.28630066]
   [ 127.88170624  128.55984497  128.12965393]
   [ 128.94245911  120.65885162  129.68229675]
   ..., 
   [  76.87345886   77.91273499   83.11393738]
   [  76.24253845   72.26101685   92.54722595]
   [  87.00080872   89.97011566   93.512146  ]]

  ..., 
  [[  72.48960876   60.66562653   70.64784241]
   [  62.18083954   75.78485107   51.86065674]
   [  66.27594757   54.3364563    46.92103577]
   ..., 
   [  85.70219421   81.81651306   88.94339752]
   [  83.25820923   90.88671112   75.43204498]
   [  96.52519989   99.71999359   82.46339417]]

  [[  91.68314362   93.79975891   90.6436615 ]
   [  77.25682068   63.23294067   77.13722992]
   [  47.56947327   66.55403137   70.98318481]
   ..., 
   [  73.65055084   76.54945374   97.59889221]
   [ 113.89437866   92.4649353   108.45930481]
   [ 109.53534698  122.13706207   99.86119843]]

  [[ 110.16223145   98.86467743  111.9201355 ]
   [  94.01655579  101.12641144   82.05030823]
   [  78.03096008   67.50434875   82.21308899]
   ..., 
   [  94.31135559   98.64704895  101.76990509]
   [ 120.30964661  111.75356293  121.23069   ]
   [ 115.65335083  118.79891205  125.3108139 ]]]] (2797154.0, 4386280.0, 123934.3, 7307368.5) 8000 0
Epoch 0, Iteration: 8000, Loss: 7.30737e+06
style: 2.79715e+06, content:4.38628e+06, tv: 123934.0
2017-07-21 15:46:29.111229: I tensorflow/core/common_runtime/gpu/gpu_device.cc:977] Creating TensorFlow device (/gpu:0) -> (device: 0, name: Tesla M40 24GB, pci bus id: 0000:03:00.0)
[[[[ 100.48694611   80.57339478   99.90689087]
   [  80.89761353   91.84819031   92.09954071]
   [  82.37864685   76.45094299   86.05747986]
   ..., 
   [  81.43257141   74.88035583   92.55325317]
   [  63.50378418   69.5802536    81.24372864]
   [  53.1244278    62.17082214   53.13645935]]

  [[  83.08495331   92.61616516   91.11367798]
   [  81.73077393   73.60580444   84.34297943]
   [  66.94456482   74.17687988   78.51023865]
   ..., 
   [  68.33998108   55.14736938   68.65614319]
   [  65.02141571   58.24922943   86.25915527]
   [  43.02761841   67.25193787   55.77944946]]

  [[  79.49772644   78.53986359   79.67160034]
   [  74.51299286   73.78543091   74.06911469]
   [  89.09767151   67.36364746   87.56228638]
   ..., 
   [  57.01941681   58.76252747   59.34597778]
   [  61.99013519   54.60706329   71.88917542]
   [  61.4739151    72.52259827   62.08638   ]]

  ..., 
  [[  51.43615723   62.76421356   63.28358459]
   [  55.38527679   59.68229675   63.85129929]
   [  60.62349701   68.4724884    53.07254791]
   ..., 
   [  37.92367554   39.31524658   35.99334717]
   [  39.04017639   58.49154663   52.39753723]
   [  36.12109375   54.38145447   62.88098145]]

  [[  74.4169693    81.26332855   70.73248291]
   [  64.2100296    60.45098114   67.69535828]
   [  53.22325134   59.48432159   61.71246338]
   ..., 
   [  41.54156494   46.10494995   40.03846741]
   [  44.305336     42.37998962   58.16436005]
   [  36.59629059   70.04689026   58.87414551]]

  [[  78.79524231   77.41056824   74.69552612]
   [  74.49980164   75.3478775    61.34319305]
   [  65.51407623   56.70619202   63.86626434]
   ..., 
   [  40.49906158   47.78284454   47.11578369]
   [  44.27996063   53.58182526   64.66334534]
   [  42.69779205   66.50662231   73.32026672]]]] (1977313.2, 4493269.0, 100749.49, 6571331.5) 10000 0
Epoch 0, Iteration: 10000, Loss: 6.57133e+06
style: 1.97731e+06, content:4.49327e+06, tv: 100749.0
2017-07-21 15:50:52.699184: I tensorflow/core/common_runtime/gpu/gpu_device.cc:977] Creating TensorFlow device (/gpu:0) -> (device: 0, name: Tesla M40 24GB, pci bus id: 0000:03:00.0)
[[[[ 123.91490173  106.11108398  135.66079712]
   [ 111.80540466  116.5437851   136.7227478 ]
   [ 108.48586273  111.0769043   130.77574158]
   ..., 
   [  90.81777954   93.60743713  118.18613434]
   [  64.67134094   90.27934265  106.25554657]
   [  72.14434052   77.04997253   77.46089172]]

  [[ 112.79974365  124.69444275  129.47145081]
   [ 113.19065094  112.55351257  131.55592346]
   [ 107.66847229  115.2443924   121.31607056]
   ..., 
   [  78.98019409   80.49286652   96.59287262]
   [  86.51743317   82.11282349  119.03649902]
   [  70.88723755   88.98209381   78.74049377]]

  [[ 114.10611725  121.31473541  128.85990906]
   [ 105.60630798  110.60002899  124.38023376]
   [ 118.385849    111.88526917  134.56591797]
   ..., 
   [  65.72721863   71.63496399   88.02641296]
   [  76.44934082   78.93760681  112.85701752]
   [  86.26998901   88.34487915  102.82054138]]

  ..., 
  [[  33.82711029   41.35422516   38.16458893]
   [  43.91811371   40.20469666   42.83591461]
   [  48.5408783    52.01752472   41.25070953]
   ..., 
   [  52.83527374   63.6465683    64.44820404]
   [  50.08161163   77.76264191   75.78770447]
   [  48.3684845    73.28011322   88.01113129]]

  [[  45.94936371   57.42211151   55.71331787]
   [  37.53967285   45.18814087   50.72212219]
   [  37.01127625   54.87197876   47.88506317]
   ..., 
   [  54.91726685   70.68504333   60.87987518]
   [  62.4042511    68.71404266   84.70023346]
   [  56.01818848   88.45572662   91.11392212]]

  [[  56.93056488   57.32051849   61.13103485]
   [  54.54653168   63.73810196   50.0585022 ]
   [  43.89561462   49.5476532    49.25771332]
   ..., 
   [  54.83853912   73.20387268   78.01789093]
   [  62.69219971   76.43032837   93.62402344]
   [  61.53230286   79.46218872  106.91162109]]]] (2301542.8, 4036861.0, 111552.47, 6449956.5) 12000 0
Epoch 0, Iteration: 12000, Loss: 6.44996e+06
style: 2.30154e+06, content:4.03686e+06, tv: 111552.0
2017-07-21 15:55:16.029688: I tensorflow/core/common_runtime/gpu/gpu_device.cc:977] Creating TensorFlow device (/gpu:0) -> (device: 0, name: Tesla M40 24GB, pci bus id: 0000:03:00.0)
[[[[ 103.48549652   85.34254456  114.30361176]
   [  93.95516968   91.64139557  114.17234039]
   [  82.94346619   85.32481384  111.36260986]
   ..., 
   [  59.04620361   57.90696716   81.07357788]
   [  33.74707031   47.67047119   63.85268784]
   [  41.21962738   45.93478394   36.01863861]]

  [[  92.22664642   95.83068848  105.71177673]
   [  88.41656494   80.85192871  107.33939362]
   [  75.90866089   78.50411987   96.00598145]
   ..., 
   [  36.16676331   36.09473419   61.30010986]
   [  42.31550598   44.92229462   79.29669189]
   [  35.47426605   53.80083466   43.80077362]]

  [[  88.7144928    88.74717712  104.07702637]
   [  81.62902069   72.24482727  100.51507568]
   [  80.58831024   75.57272339  101.92034912]
   ..., 
   [  29.46204376   33.61843109   53.13005829]
   [  49.19537354   44.57367706   71.06950378]
   [  50.40116882   56.49891663   61.52098846]]

  ..., 
  [[  55.38388062   61.16864777   60.94486237]
   [  66.18501282   60.16607666   62.62784576]
   [  63.61473465   56.80113983   61.67184448]
   ..., 
   [  61.45652771   57.87900543   47.58347321]
   [  66.30442047   73.31268311   66.7565918 ]
   [  52.08355713   62.47502136   79.20623779]]

  [[  70.24676514   67.30272675   71.16387939]
   [  55.83276367   53.45902252   66.46938324]
   [  59.38031006   60.91485596   62.1177063 ]
   ..., 
   [  62.63835144   61.96633911   55.38207245]
   [  67.16349792   64.60108948   73.48799133]
   [  61.85092163   78.59288025   81.97296143]]

  [[  67.69958496   59.97865295   71.16822815]
   [  60.388237     65.56407166   60.64841461]
   [  67.56562042   55.19307709   59.5273819 ]
   ..., 
   [  64.18170166   70.82699585   76.37483215]
   [  68.4108963    68.14774323   82.37490845]
   [  64.37747192   69.7928772    95.90370178]]]] (1999598.9, 3366847.2, 74209.609, 5440655.5) 14000 0
Epoch 0, Iteration: 14000, Loss: 5.44066e+06
style: 1.9996e+06, content:3.36685e+06, tv: 74209.6
2017-07-21 15:59:39.561234: I tensorflow/core/common_runtime/gpu/gpu_device.cc:977] Creating TensorFlow device (/gpu:0) -> (device: 0, name: Tesla M40 24GB, pci bus id: 0000:03:00.0)
[[[[ 73.70436096  69.16725159  86.36119843]
   [ 71.02703857  69.79277802  81.81622314]
   [ 61.99551392  59.33356476  73.21749878]
   ..., 
   [ 64.94773102  65.68262482  72.29502869]
   [ 61.47683716  68.54515076  71.69421387]
   [ 62.79220581  67.46518707  69.76698303]]

  [[ 68.66194916  62.10525513  78.70185852]
   [ 58.98171997  60.63825226  74.89360046]
   [ 59.7508316   55.98419189  70.69111633]
   ..., 
   [ 61.81051636  63.48160553  61.24372864]
   [ 68.06019592  71.62539673  76.24620056]
   [ 66.24010468  71.36506653  75.14910889]]

  [[ 64.97075653  60.51825714  75.11091614]
   [ 60.88555145  60.1950531   65.26603699]
   [ 64.01290894  55.88776398  66.91555786]
   ..., 
   [ 61.27602386  62.46379852  65.65963745]
   [ 64.28408051  62.9886322   76.30703735]
   [ 66.29792786  71.14248657  79.04110718]]

  ..., 
  [[ 33.30910492  35.03054047  41.92959595]
   [ 39.39933777  38.88975525  35.71829224]
   [ 36.84613037  35.79266357  40.20130157]
   ..., 
   [ 59.5480957   70.21995544  70.13850403]
   [ 63.25921631  75.87837982  78.08125305]
   [ 58.74162292  74.89591217  82.8528595 ]]

  [[ 52.03231049  51.35800171  66.36956787]
   [ 44.3083725   42.58123016  56.39853668]
   [ 35.37604523  42.35881805  48.32914734]
   ..., 
   [ 65.82141113  73.34919739  72.73901367]
   [ 67.77760315  70.16941071  79.23918152]
   [ 63.75333405  82.61581421  82.68357849]]

  [[ 58.25043488  55.08172607  63.76042938]
   [ 50.00576782  60.55269623  49.11965942]
   [ 47.3923111   41.05238342  45.88808441]
   ..., 
   [ 65.54611969  74.3662796   82.87181854]
   [ 71.43608856  73.63110352  87.13253784]
   [ 65.51406097  75.95996094  96.26086426]]]] (1920419.8, 2691446.2, 95213.523, 4707079.5) 16000 0
Epoch 0, Iteration: 16000, Loss: 4.70708e+06
style: 1.92042e+06, content:2.69145e+06, tv: 95213.5
2017-07-21 16:04:03.038158: I tensorflow/core/common_runtime/gpu/gpu_device.cc:977] Creating TensorFlow device (/gpu:0) -> (device: 0, name: Tesla M40 24GB, pci bus id: 0000:03:00.0)
[[[[ 64.39990234  59.48290253  75.98633575]
   [ 63.9642334   62.33197784  69.1202774 ]
   [ 56.06952667  56.30000305  61.54307556]
   ..., 
   [ 36.11969757  35.97780609  30.248909  ]
   [ 26.98164368  35.92983246  27.0295639 ]
   [ 28.92668915  32.9252243   32.30438232]]

  [[ 62.81148529  54.09716034  64.07888794]
   [ 56.55876923  58.37899017  59.78971863]
   [ 55.16241455  50.22605896  57.7802124 ]
   ..., 
   [ 25.71140289  32.37425232  15.11330414]
   [ 25.62546539  36.52539062  32.92247009]
   [ 25.15985107  33.8789444   29.44405365]]

  [[ 63.02236176  61.09803772  62.79884338]
   [ 57.62598419  56.35585785  55.94831085]
   [ 52.80264282  53.32287598  56.03005219]
   ..., 
   [ 17.35190582  22.05564117  19.78722382]
   [ 23.43517303  31.0140686   31.67450714]
   [ 21.98919678  28.7405777   36.85322571]]

  ..., 
  [[ 11.63768768  10.90957642  17.29660797]
   [ 15.6127243   19.42333221   9.31378937]
   [ 12.46668243   6.30799866  19.11454773]
   ..., 
   [ 29.41909027  39.16260529  32.56221008]
   [ 34.17350006  42.38793182  39.44243622]
   [ 25.69564056  42.18856812  42.44976044]]

  [[ 27.9237442   33.24333191  38.40726471]
   [ 18.87885284  16.80981445  22.22470093]
   [  4.94593811  21.99167633  17.70849609]
   ..., 
   [ 34.24513245  39.74723053  35.41965485]
   [ 34.94722748  45.0296936   42.42436981]
   [ 33.11212921  51.36277771  51.82270813]]

  [[ 31.95397186  33.6179657   37.17917633]
   [ 24.26195526  38.20550537  19.24486542]
   [ 19.76626587  14.59416199  17.93869781]
   ..., 
   [ 35.01984406  48.03161621  40.39823151]
   [ 45.55593872  51.58596039  51.79129028]
   [ 35.64370728  49.13813782  60.27279663]]]] (1557488.1, 4107127.0, 86890.297, 5751505.5) 18000 0
Epoch 0, Iteration: 18000, Loss: 5.75151e+06
style: 1.55749e+06, content:4.10713e+06, tv: 86890.3
2017-07-21 16:08:27.209876: I tensorflow/core/common_runtime/gpu/gpu_device.cc:977] Creating TensorFlow device (/gpu:0) -> (device: 0, name: Tesla M40 24GB, pci bus id: 0000:03:00.0)
[[[[  46.07476807   52.35723877   64.48287964]
   [  45.60058594   47.68432617   58.4185791 ]
   [  24.57115173   39.00033569   41.91177368]
   ..., 
   [ 111.75590515  103.74848938  119.55123138]
   [  91.1445694    97.29424286  105.70716095]
   [  90.9883728    86.5196228    92.0934906 ]]

  [[  44.93577576   37.28591919   56.89229584]
   [  28.91986084   45.35978699   41.3848877 ]
   [  26.33041382   26.23813629   38.78975677]
   ..., 
   [ 104.09380341   97.06445312  104.28740692]
   [ 104.75238037  101.37696838  113.1361618 ]
   [  97.45248413   99.33295441  102.27053833]]

  [[  32.03233337   45.41640472   55.96052551]
   [  29.74433899   38.21641541   42.88814545]
   [  20.57041168   32.896698     44.66390991]
   ..., 
   [ 103.90304565  101.20333862   99.64680481]
   [ 101.60984039  108.2514267   112.29553986]
   [ 101.03494263  103.11569214  113.52623749]]

  ..., 
  [[  12.8486557    -8.95500183   32.98841095]
   [  14.46315002   20.68679047  -16.67546082]
   [   9.30722046  -19.78909302   13.27043915]
   ..., 
   [  54.31658936   34.54545593   35.09264374]
   [  50.90480804   43.43093109   41.65432739]
   [  41.90290833   42.14836121   50.65122223]]

  [[  -3.53637695   49.79206085   51.08396149]
   [  13.68054962    5.98912811   24.43852997]
   [ -20.65679932   15.90631866   18.8145752 ]
   ..., 
   [  63.97118378   46.20368195   43.72699738]
   [  65.54569244   45.54382324   46.59251404]
   [  57.41448975   59.26450348   63.3323822 ]]

  [[  37.27883911   18.81078339   51.19604492]
   [  25.42544556   42.67557526    1.76176453]
   [  18.88522339   -5.71131897   22.64456177]
   ..., 
   [  63.48774719   53.46502686   65.47398376]
   [  63.78905106   60.68457794   68.32267761]
   [  56.8690033    61.28826141   73.48153687]]]] (1351513.0, 3064323.8, 89582.688, 4505419.5) 20000 0
Epoch 0, Iteration: 20000, Loss: 4.50542e+06
style: 1.35151e+06, content:3.06432e+06, tv: 89582.7
2017-07-21 16:12:50.644826: I tensorflow/core/common_runtime/gpu/gpu_device.cc:977] Creating TensorFlow device (/gpu:0) -> (device: 0, name: Tesla M40 24GB, pci bus id: 0000:03:00.0)
[[[[ 114.30812836  103.39447784  137.9914093 ]
   [ 115.28688812  107.66976929  117.33757782]
   [ 121.6231308   109.87763214  102.40216827]
   ..., 
   [  65.23734283   67.67681885   71.26117706]
   [  60.36392212   70.46205139   73.6939621 ]
   [  54.4647522    65.66671753   64.58911133]]

  [[ 109.97849274  108.44159698  133.69718933]
   [ 120.35501862  111.2990799   120.8021698 ]
   [ 117.14427185  120.26403046  110.19795227]
   ..., 
   [  64.10098267   68.59367371   67.74984741]
   [  64.72206116   76.13072205   79.06200409]
   [  57.76378632   68.82862854   71.06220245]]

  [[ 113.90149689  108.30935669  146.10848999]
   [ 118.4959259   112.08797455  116.00617218]
   [ 131.3742981   118.94702148  116.81808472]
   ..., 
   [  63.13749695   66.85671997   70.310112  ]
   [  67.26005554   74.99475861   79.78074646]
   [  56.65270233   69.77884674   73.55232239]]

  ..., 
  [[  32.23769379   37.87181854   43.26907349]
   [  35.84355927   43.96691132   49.65866089]
   [  35.91335297   43.6926651    59.67302704]
   ..., 
   [  11.94534302   20.67501831   16.95523071]
   [  14.62728119   22.81017303   26.80971527]
   [   9.93120575   26.19631958   30.06963348]]

  [[  43.45936584   49.24636078   56.54302216]
   [  35.30658722   44.99100494   51.75663757]
   [  32.23136902   47.37862396   52.06086731]
   ..., 
   [  17.67240143   21.79357147   19.99788666]
   [  18.58490753   28.25989532   29.36542511]
   [  19.58187103   34.34190369   40.18115234]]

  [[  44.18289948   51.3891449    56.52629852]
   [  41.2550354    57.2417984    51.20889282]
   [  38.95636749   42.48778534   47.08177948]
   ..., 
   [  18.53962708   32.76152802   28.42546082]
   [  26.22000122   35.55525208   42.62593079]
   [  22.07730103   38.93260193   53.60111237]]]] (1156464.5, 2215371.0, 74999.828, 3446835.2) 22000 0
Epoch 0, Iteration: 22000, Loss: 3.44684e+06
style: 1.15646e+06, content:2.21537e+06, tv: 74999.8
2017-07-21 16:17:14.527719: I tensorflow/core/common_runtime/gpu/gpu_device.cc:977] Creating TensorFlow device (/gpu:0) -> (device: 0, name: Tesla M40 24GB, pci bus id: 0000:03:00.0)
[[[[ 127.13437653  121.84499359  145.80038452]
   [ 131.22221375  125.73641968  143.74519348]
   [ 128.59539795  123.72626495  139.574646  ]
   ..., 
   [  90.98524475  100.08176422  142.35754395]
   [  83.51261902  100.30961609  126.95961761]
   [  72.161026     85.57878113  111.34753418]]

  [[ 129.74957275  123.31591034  142.44049072]
   [ 132.92556763  127.02006531  146.69400024]
   [ 133.26216125  130.79170227  142.83914185]
   ..., 
   [ 101.03213501  112.57272339  154.63726807]
   [ 101.06040955  118.30107117  155.58389282]
   [  85.56306458  100.56474304  132.36195374]]

  [[ 127.87062836  123.93180084  146.74397278]
   [ 127.94711304  128.63063049  145.13601685]
   [ 136.03916931  135.19897461  146.04310608]
   ..., 
   [ 100.87670135  110.05581665  164.24649048]
   [ 102.50437164  123.6723175   159.67538452]
   [  96.26865387  107.89927673  146.22084045]]

  ..., 
  [[  39.84448242   40.33473206   54.99790192]
   [  47.59668732   47.88136292   60.58083344]
   [  49.34492493   47.66448975   69.67097473]
   ..., 
   [  32.05332947   40.90779877   42.95346069]
   [  35.05419922   47.35639954   50.26313019]
   [  29.04953003   44.91226196   53.1816864 ]]

  [[  49.96231079   49.93684387   61.07001495]
   [  44.59754181   49.14112854   58.56993103]
   [  39.82500458   48.71352386   54.06977844]
   ..., 
   [  34.26468658   41.24228668   41.19150543]
   [  36.49887085   50.03733826   52.46058655]
   [  40.50046539   52.50006104   59.32850647]]

  [[  53.57368469   53.86600494   63.59902573]
   [  51.10449982   60.01233673   54.55387115]
   [  45.47516632   43.349617     46.61530304]
   ..., 
   [  40.7806778    52.70780182   48.82739258]
   [  44.95496368   53.69829559   61.06412506]
   [  43.98439789   56.25990295   75.08537292]]]] (2356094.0, 2000796.5, 88040.023, 4444930.5) 24000 0
Epoch 0, Iteration: 24000, Loss: 4.44493e+06
style: 2.35609e+06, content:2.0008e+06, tv: 88040.0
2017-07-21 16:21:38.149023: I tensorflow/core/common_runtime/gpu/gpu_device.cc:977] Creating TensorFlow device (/gpu:0) -> (device: 0, name: Tesla M40 24GB, pci bus id: 0000:03:00.0)
[[[[  90.5342865    78.8377533   107.03793335]
   [  77.03720856   80.76629639  112.39788055]
   [  59.27670288   64.78564453   98.00535583]
   ..., 
   [  75.9239502    71.87290955   79.51728058]
   [  74.90585327   74.3421936    84.69023132]
   [  81.70223999   78.29714203   78.58876038]]

  [[  76.44670105   81.47715759  110.35377502]
   [  65.28307343   67.59693909  125.09933472]
   [  49.27682495   66.98693848   97.6127243 ]
   ..., 
   [  73.33228302   69.76426697   85.08439636]
   [  75.69802856   83.85713959   96.41273499]
   [  79.4120636    81.39225769   88.38774109]]

  [[  78.30445099   78.37492371  109.23013306]
   [  60.30683136   66.58843994  111.27648926]
   [  49.9282608    55.59344482   88.06259918]
   ..., 
   [  80.31387329   71.29852295   85.14424133]
   [  76.53496552   75.12516022   94.26743317]
   [  79.56088257   81.21202087   89.07406616]]

  ..., 
  [[  40.38049316   39.10973358   55.19345093]
   [  41.93583679   46.74292755   55.03410339]
   [  47.11910248   43.79142761   50.62778473]
   ..., 
   [  39.28465271   39.40488434   43.31981659]
   [  34.06774902   45.84626007   48.52446747]
   [  30.98736572   42.81177521   58.68572998]]

  [[  49.63309479   49.80831909   62.23628998]
   [  43.69947815   48.02436066   58.1732254 ]
   [  45.68972778   52.56295776   50.40480042]
   ..., 
   [  34.60659027   38.38275909   37.24588013]
   [  33.52389526   40.75109863   46.58274841]
   [  37.63479614   49.45175934   59.4440155 ]]

  [[  50.420784     50.15623474   67.61204529]
   [  47.5730896    54.26752472   60.29434967]
   [  49.3910141    46.48484039   56.32807922]
   ..., 
   [  39.77685547   46.6453476    45.19458008]
   [  40.83181763   49.99755859   52.88484955]
   [  41.12181854   52.88920593   70.73820496]]]] (1958401.4, 2303164.5, 78476.93, 4340043.0) 26000 0
Epoch 0, Iteration: 26000, Loss: 4.34004e+06
style: 1.9584e+06, content:2.30316e+06, tv: 78476.9
2017-07-21 16:26:02.070115: I tensorflow/core/common_runtime/gpu/gpu_device.cc:977] Creating TensorFlow device (/gpu:0) -> (device: 0, name: Tesla M40 24GB, pci bus id: 0000:03:00.0)
[[[[ 121.76794434  110.98587036  116.81311035]
   [ 125.60198975  117.58067322  113.50251007]
   [ 135.06938171  116.5019455   100.22338867]
   ..., 
   [ 142.06546021  134.62745667  159.39074707]
   [ 129.49455261  127.96202087  143.38819885]
   [ 115.4540863   114.14725494  128.5834198 ]]

  [[ 118.83846283  110.12590027  114.31313324]
   [ 125.48974609  110.57984161  112.99714661]
   [ 131.32995605  120.10513306   97.52672577]
   ..., 
   [ 137.64115906  133.76782227  152.75524902]
   [ 131.18640137  131.48898315  150.72702026]
   [ 122.62492371  120.71666718  134.68818665]]

  [[ 120.34775543  109.08441162  117.1894989 ]
   [ 124.01925659  112.15444946  105.08312988]
   [ 142.41375732  121.19953918   94.30018616]
   ..., 
   [ 131.39033508  130.7625885   153.10140991]
   [ 129.71002197  135.91896057  146.8037262 ]
   [ 126.42249298  129.13223267  139.52682495]]

  ..., 
  [[  72.79290771   81.0617981    86.85365295]
   [  77.32190704   85.76451874   85.97476196]
   [  77.07854462   83.8165741    82.66131592]
   ..., 
   [  67.53727722   73.29766083   74.3197937 ]
   [  67.30332184   80.36392212   76.91157532]
   [  56.17558289   69.11697388   78.84802246]]

  [[  82.97265625   81.73117065   91.11750031]
   [  71.79463196   80.91120148   81.86972046]
   [  77.8948822    84.59413147   78.27420044]
   ..., 
   [  62.56492615   71.13851929   70.15901184]
   [  64.8724823    73.46981049   73.15718842]
   [  63.17417908   75.09510803   81.47158051]]

  [[  78.29859161   83.26454163   95.18197632]
   [  70.09565735   77.69998169   85.42360687]
   [  78.49651337   79.00662231   81.69334412]
   ..., 
   [  65.14625549   73.01832581   80.06774902]
   [  65.83215332   78.1594696    84.53318787]
   [  70.31613159   78.47299194  100.23700714]]]] (1699272.1, 4231113.0, 71653.633, 6002038.5) 28000 0
Epoch 0, Iteration: 28000, Loss: 6.00204e+06
style: 1.69927e+06, content:4.23111e+06, tv: 71653.6
2017-07-21 16:30:26.207232: I tensorflow/core/common_runtime/gpu/gpu_device.cc:977] Creating TensorFlow device (/gpu:0) -> (device: 0, name: Tesla M40 24GB, pci bus id: 0000:03:00.0)
[[[[ 117.35180664  103.48938751  132.76693726]
   [ 112.62619781  105.68522644  122.56852722]
   [ 114.4015274    99.80851746  112.19054413]
   ..., 
   [  86.27427673   76.10157776   90.82628632]
   [  92.09113312   78.49507141   93.78399658]
   [  94.47160339   88.95285034   90.99650574]]

  [[ 113.5351181   108.6866684   131.31808472]
   [ 112.94261169  105.66523743  133.95335388]
   [ 115.45083618  109.27397156  114.12113953]
   ..., 
   [  90.42124939   77.4284668   105.89460754]
   [  95.76634216   88.71221924   99.06733704]
   [  99.54220581   87.14698792  100.95306396]]

  [[ 119.62568665  109.84159851  137.10211182]
   [ 118.84860992  114.93152618  130.95388794]
   [ 130.17147827  116.56469727  121.65706635]
   ..., 
   [ 103.45856476   93.855896    112.20899963]
   [ 105.5482254    90.00083923  109.51546478]
   [ 100.4241333    95.76538849  106.02925873]]

  ..., 
  [[  41.00682068   46.4201889    49.12960815]
   [  48.98578644   50.67437744   56.05516815]
   [  48.4471283    47.69313812   54.33840942]
   ..., 
   [  63.94524002   66.14957428   63.07601166]
   [  64.96602631   74.12112427   65.09327698]
   [  57.1924057    62.54975128   71.27572632]]

  [[  50.58206177   51.40873718   55.33622742]
   [  43.32524109   48.84402466   51.32260132]
   [  45.86689758   49.65641022   47.22786713]
   ..., 
   [  58.1444931    61.92261505   60.27138519]
   [  63.99199677   66.80577087   67.57678223]
   [  67.11326599   73.75338745   78.24957275]]

  [[  49.8239975    54.94373322   63.75526047]
   [  46.32118988   52.53295135   56.53466034]
   [  49.70580292   48.21888733   47.46671295]
   ..., 
   [  64.793396     70.86248779   76.96096802]
   [  67.90375519   78.93130493   80.85419464]
   [  73.56636047   78.57775879   95.6754303 ]]]] (1641860.4, 2692526.5, 64307.078, 4398694.0) 30000 0
Epoch 0, Iteration: 30000, Loss: 4.39869e+06
style: 1.64186e+06, content:2.69253e+06, tv: 64307.1
2017-07-21 16:34:50.075068: I tensorflow/core/common_runtime/gpu/gpu_device.cc:977] Creating TensorFlow device (/gpu:0) -> (device: 0, name: Tesla M40 24GB, pci bus id: 0000:03:00.0)
[[[[ 118.44467163  107.79717255  117.4278183 ]
   [ 119.2440033   109.78927612  115.24977112]
   [ 119.21893311  107.01669312  109.30587769]
   ..., 
   [  41.37611389   42.6391449    44.19728088]
   [  40.93735504   43.17715454   42.80419159]
   [  41.34265137   48.12412262   44.14031982]]

  [[ 118.42050171  110.73234558  116.26212311]
   [ 117.99053955  108.8321228   117.04508972]
   [ 120.42133331  111.55804443  109.42698669]
   ..., 
   [  36.01290894   31.39933014   39.77145386]
   [  31.67636871   40.81268311   36.79803467]
   [  35.922966     40.78012085   41.17705536]]

  [[ 121.41594696  111.10076904  119.05102539]
   [ 119.91564941  112.99609375  118.18592834]
   [ 131.60890198  119.01184082  115.54708099]
   ..., 
   [  32.30924988   29.97135925   34.8887558 ]
   [  35.91565704   36.80967712   42.24539948]
   [  30.76947784   38.39378357   46.78337097]]

  ..., 
  [[ 111.69561768  112.05537415  121.97042847]
   [ 115.0290451   115.2858963   123.70940399]
   [ 116.10220337  114.09309387  119.92730713]
   ..., 
   [  52.08724213   61.19516754   69.02664948]
   [  46.46677399   64.82185364   68.94213867]
   [  41.74518585   57.66049194   71.74935913]]

  [[ 112.07461548  109.24839783  121.80986023]
   [ 109.85608673  107.94534302  115.23632812]
   [ 114.07701111  111.38545227  115.436203  ]
   ..., 
   [  48.54912567   58.98047638   65.51642609]
   [  47.83498383   59.13240051   69.32273865]
   [  51.431427     65.32043457   75.91641235]]

  [[ 108.32954407  107.36483765  118.03120422]
   [ 106.1780014   106.7651062   112.2855072 ]
   [ 110.16403961  109.85012817  113.10748291]
   ..., 
   [  50.81812286   62.30677032   73.33642578]
   [  52.63780975   70.36268616   78.08082581]
   [  59.14008331   71.59764862   92.49092102]]]] (1273172.5, 2960801.0, 75536.57, 4309510.0) 32000 0
Epoch 0, Iteration: 32000, Loss: 4.30951e+06
style: 1.27317e+06, content:2.9608e+06, tv: 75536.6
2017-07-21 16:39:14.639009: I tensorflow/core/common_runtime/gpu/gpu_device.cc:977] Creating TensorFlow device (/gpu:0) -> (device: 0, name: Tesla M40 24GB, pci bus id: 0000:03:00.0)
[[[[ 121.16956329  117.50440979  139.61883545]
   [ 126.71050262  119.21891022  141.79862976]
   [ 111.69655609  110.9549408   129.11309814]
   ..., 
   [  78.87677765   75.28642273   79.02619934]
   [  71.50054932   70.69889832   77.17041779]
   [  70.87660217   73.7727356    74.54653931]]

  [[ 132.67868042  122.75662994  140.73139954]
   [ 134.79949951  128.10342407  147.01434326]
   [ 129.25723267  124.14175415  144.08773804]
   ..., 
   [  70.40791321   71.30867004   72.12151337]
   [  70.78686523   75.1095047    75.56434631]
   [  70.87834167   72.71500397   74.92573547]]

  [[ 139.33686829  137.87605286  144.32928467]
   [ 138.29064941  142.80993652  147.77737427]
   [ 148.44261169  153.72033691  154.35377502]
   ..., 
   [  71.19412231   71.17971802   72.04209137]
   [  70.69515991   69.76656342   75.13174438]
   [  70.40725708   74.93039703   79.1078186 ]]

  ..., 
  [[  73.58061218   67.55897522   69.64968109]
   [  78.64852142   70.67817688   69.12774658]
   [  83.27288055   73.55551147   62.06735992]
   ..., 
   [  44.34822845   42.34709167   43.63344574]
   [  42.84370422   52.22418213   48.94902039]
   [  33.63328552   43.79038239   49.35922241]]

  [[  85.33667755   74.61460876   81.33195496]
   [  77.48442078   70.23353577   71.51676941]
   [  81.88401794   64.98471832   63.41077423]
   ..., 
   [  36.07497406   38.58319092   36.05324554]
   [  37.99321747   43.9234314    45.83662415]
   [  40.07875824   47.24809265   52.02685547]]

  [[  80.34184265   78.79932404   83.3062973 ]
   [  79.15614319   77.26741028   81.58692932]
   [  82.2014389    72.88012695   74.65021515]
   ..., 
   [  39.76811981   46.39896393   47.9420166 ]
   [  40.41539764   51.96310425   52.92115021]
   [  45.10502625   54.78807831   67.32966614]]]] (1358936.4, 1474676.8, 70143.219, 2903756.2) 34000 0
Epoch 0, Iteration: 34000, Loss: 2.90376e+06
style: 1.35894e+06, content:1.47468e+06, tv: 70143.2
2017-07-21 16:43:38.045402: I tensorflow/core/common_runtime/gpu/gpu_device.cc:977] Creating TensorFlow device (/gpu:0) -> (device: 0, name: Tesla M40 24GB, pci bus id: 0000:03:00.0)
[[[[  71.95643616   65.38380432   84.77445984]
   [  61.60470581   60.63995361   73.48113251]
   [  47.41496277   48.0291214    60.49917603]
   ..., 
   [  63.11125183   63.12189484   60.67313385]
   [  59.71340942   64.7928772    60.81721497]
   [  56.19003296   65.47335815   58.80105591]]

  [[  56.2563858    52.19458771   70.82189941]
   [  41.87171173   47.25576019   61.74389648]
   [  31.45528412   36.30162048   46.56271362]
   ..., 
   [  59.73782349   62.90093231   60.29839325]
   [  60.88195801   69.87873077   61.65486145]
   [  54.56098175   61.98156738   56.11437988]]

  [[  49.2914505    46.5266571    62.51318359]
   [  42.77449036   45.75587463   53.82424927]
   [  41.38195801   46.07262421   53.28383636]
   ..., 
   [  61.27133942   60.9826889    60.98949432]
   [  61.37888336   62.86719513   61.43031311]
   [  50.91030884   59.52160645   60.99976349]]

  ..., 
  [[ 122.84343719  121.50400543  128.31518555]
   [ 124.70924377  123.88311005  131.29562378]
   [ 128.03504944  132.50967407  121.66712952]
   ..., 
   [  39.11819458   40.88114166   43.82936859]
   [  37.35071564   46.03829193   50.69015503]
   [  34.67300415   42.94475555   53.58583069]]

  [[ 122.30730438  117.89241028  131.05702209]
   [ 116.02019501  116.40779114  126.25938416]
   [ 125.38471222  120.75197601  123.33879089]
   ..., 
   [  47.85984802   47.23196411   59.06742859]
   [  45.42845154   48.9408493    58.96839905]
   [  43.72763824   50.29618835   67.78833008]]

  [[ 111.07351685  114.53664398  126.00653076]
   [ 107.61993408  111.53431702  119.44683075]
   [ 114.30499268  119.46933746  121.46746063]
   ..., 
   [  62.89096832   63.66704178   86.74462891]
   [  56.08800507   63.65156937   83.65653229]
   [  57.84456635   62.13601685   89.0135498 ]]]] (1574955.8, 2398958.8, 72706.797, 4046621.2) 36000 0
Epoch 0, Iteration: 36000, Loss: 4.04662e+06
style: 1.57496e+06, content:2.39896e+06, tv: 72706.8
2017-07-21 16:48:02.814800: I tensorflow/core/common_runtime/gpu/gpu_device.cc:977] Creating TensorFlow device (/gpu:0) -> (device: 0, name: Tesla M40 24GB, pci bus id: 0000:03:00.0)
[[[[  8.05326538e+01   5.85706100e+01   8.76670990e+01]
   [  8.54815598e+01   8.15190659e+01   9.10234070e+01]
   [  6.93654938e+01   6.16137161e+01   8.21490936e+01]
   ..., 
   [  4.34594879e+01   4.55694885e+01   5.22444916e+01]
   [  4.58149185e+01   4.89656143e+01   5.91563187e+01]
   [  4.84960327e+01   5.52038345e+01   6.91330261e+01]]

  [[  6.73689117e+01   5.00864792e+01   7.30448227e+01]
   [  7.01462708e+01   6.72291565e+01   7.87524414e+01]
   [  4.43584290e+01   3.86592865e+01   5.77728348e+01]
   ..., 
   [  1.34986420e+01   9.27439880e+00   1.77116776e+01]
   [  1.84367752e+01   1.89779129e+01   2.96921844e+01]
   [  3.87008362e+01   3.22789001e+01   5.92207031e+01]]

  [[  6.81782074e+01   4.86989822e+01   6.86581421e+01]
   [  6.40058441e+01   6.04221420e+01   6.11875687e+01]
   [  3.20184174e+01   2.89743423e+01   4.63671112e+01]
   ..., 
   [  5.10186768e+00   9.18114471e+00   8.62300873e+00]
   [  1.86538391e+01   2.04789200e+01   2.74928513e+01]
   [  3.16429443e+01   3.12411499e+01   4.83152008e+01]]

  ..., 
  [[ -9.90881348e+00  -2.22779541e+01  -5.36091614e+00]
   [  3.12129211e+00   9.12487030e+00  -2.23237610e+01]
   [ -1.63348389e+00  -2.24948883e+01  -8.49180603e+00]
   ..., 
   [  2.10647964e+01   2.05163574e+01   2.52163391e+01]
   [  3.67047501e+01   4.56595612e+01   3.48016739e+01]
   [  3.36866760e+01   3.96626282e+01   5.32045441e+01]]

  [[ -2.12915955e+01  -4.63784790e+00   6.46717834e+00]
   [ -1.28563385e+01   6.17631531e+00  -9.41333008e+00]
   [ -2.24692383e+01   3.10728455e+00   1.15780106e+01]
   ..., 
   [  3.19801178e+01   2.52155304e+01   3.85433578e+01]
   [  4.61725235e+01   4.35939178e+01   5.21749496e+01]
   [  4.39041290e+01   4.74057999e+01   6.47329712e+01]]

  [[  5.90972900e-02  -1.91732635e+01   1.22722626e+01]
   [ -2.79008484e+00   1.55684662e+00  -2.06114655e+01]
   [  6.88430786e-01  -2.23153687e+01  -5.28475952e+00]
   ..., 
   [  4.44283905e+01   3.72684479e+01   6.11022110e+01]
   [  4.41127319e+01   4.98164749e+01   6.20146637e+01]
   [  5.39069290e+01   5.70356674e+01   7.92702332e+01]]]] (2725412.0, 2156853.5, 65185.082, 4947450.5) 38000 0
Epoch 0, Iteration: 38000, Loss: 4.94745e+06
style: 2.72541e+06, content:2.15685e+06, tv: 65185.1
2017-07-21 16:52:27.406691: I tensorflow/core/common_runtime/gpu/gpu_device.cc:977] Creating TensorFlow device (/gpu:0) -> (device: 0, name: Tesla M40 24GB, pci bus id: 0000:03:00.0)
[[[[ 112.73222351   94.28372192  115.82884979]
   [ 109.21175385   98.20800781  114.10343933]
   [ 104.99347687   95.81590271  104.57294464]
   ..., 
   [  93.72413635   90.79014587  104.66709137]
   [  85.28391266   88.6320343    98.00500488]
   [  76.45552063   79.95870972   83.91650391]]

  [[ 100.33397675   92.30836487  112.15479279]
   [  97.02648926   90.80812836  114.45401764]
   [ 101.77674866   92.08312988  119.15297699]
   ..., 
   [  90.41151428   87.84895325   94.54905701]
   [  85.24415588   89.43114471  100.44726562]
   [  81.94076538   84.26908875   86.41973114]]

  [[  99.33326721   90.61420441  106.86470032]
   [  90.6802063    82.90820312  108.69580078]
   [  95.89094543   84.77611542  117.1967392 ]
   ..., 
   [  81.46066284   86.50148773   93.90182495]
   [  77.0377121    86.9107132    96.37352753]
   [  87.36074829   90.60080719  102.00904846]]

  ..., 
  [[  36.44404602   37.89056396   48.14250946]
   [  42.44141388   45.24533081   51.2691803 ]
   [  46.89617157   43.24160767   59.32418823]
   ..., 
   [  42.62705994   48.85430908   48.78630829]
   [  45.52527618   55.74126434   56.70133209]
   [  42.34487152   50.62597656   55.8841629 ]]

  [[  41.77681732   46.1432724    55.9729538 ]
   [  35.94907379   43.66620636   49.56038666]
   [  35.70532227   44.83686066   44.6098175 ]
   ..., 
   [  37.93029785   44.24448395   48.01145172]
   [  40.44467163   52.97575378   54.88874054]
   [  45.88703156   53.02836609   63.33853149]]

  [[  45.77437592   52.31871796   63.53561783]
   [  40.31700134   45.73426819   49.27365112]
   [  39.80038452   36.93825531   41.39538574]
   ..., 
   [  41.63389587   52.43807983   51.13363647]
   [  43.59287262   51.63407898   59.24260712]
   [  51.96377563   58.77713013   72.85877228]]]] (2062057.0, 2680201.5, 69292.164, 4811550.5) 40000 0
Epoch 0, Iteration: 40000, Loss: 4.81155e+06
style: 2.06206e+06, content:2.6802e+06, tv: 69292.2
2017-07-21 16:56:52.805731: I tensorflow/core/common_runtime/gpu/gpu_device.cc:977] Creating TensorFlow device (/gpu:0) -> (device: 0, name: Tesla M40 24GB, pci bus id: 0000:03:00.0)
[[[[  95.02358246   84.75050354   94.08729553]
   [  93.62638855   85.81922913   89.16770935]
   [  89.83544922   78.32669067   82.51141357]
   ..., 
   [ 118.61794281  105.59101868  123.69261932]
   [ 115.4957962   107.65300751  121.49969482]
   [ 102.12236786  104.39611816  111.78791046]]

  [[  86.59394836   79.26599884   89.80145264]
   [  86.798172     79.10545349   90.02026367]
   [  85.81669617   78.0344162    82.91485596]
   ..., 
   [ 123.43699646  112.55661774  126.86262512]
   [ 112.86791229  110.40211487  123.17071533]
   [ 104.62911987  102.95513153  114.87830353]]

  [[  87.57122803   71.7071991    91.18198395]
   [  85.63343048   71.11919403   83.45866394]
   [  87.00455475   71.34661865   76.82745361]
   ..., 
   [ 119.15545654  114.82255554  125.93965149]
   [ 112.07209778  110.56843567  122.8633194 ]
   [ 103.12333679  107.47885895  123.00572968]]

  ..., 
  [[  56.72759247   62.79515076   64.89878082]
   [  64.03028107   64.57618713   69.69166565]
   [  67.2696991    71.1097641    69.48167419]
   ..., 
   [  59.15524292   51.03614044   66.27784729]
   [  42.23245239   52.71945953   52.8996582 ]
   [  30.44473267   35.00069427   50.99913788]]

  [[  67.29707336   67.94067383   76.5477829 ]
   [  58.31902313   63.57397461   70.80303955]
   [  64.81103516   67.88639832   68.49443054]
   ..., 
   [ 108.29214478   90.72702789  103.7062149 ]
   [  85.68849945   71.84013367   87.27806091]
   [  60.98877716   60.4511795    78.33656311]]

  [[  71.90179443   77.79104614   86.10316467]
   [  63.00984192   67.51565552   76.10159302]
   [  64.44154358   66.57769775   72.35386658]
   ..., 
   [ 111.41567993  105.12890625  120.85095978]
   [  81.5710144    85.8094635   102.93455505]
   [  77.84817505   81.49259186  106.14352417]]]] (1375021.6, 2777753.0, 68373.758, 4221148.5) 2000 1
Epoch 1, Iteration: 2000, Loss: 4.22115e+06
style: 1.37502e+06, content:2.77775e+06, tv: 68373.8
2017-07-21 17:02:57.877229: I tensorflow/core/common_runtime/gpu/gpu_device.cc:977] Creating TensorFlow device (/gpu:0) -> (device: 0, name: Tesla M40 24GB, pci bus id: 0000:03:00.0)
[[[[  76.84249878   69.44487      79.40653992]
   [  71.74575806   66.21016693   73.50437927]
   [  66.3460083    60.78675842   61.69260406]
   ..., 
   [ 143.32992554  139.09429932  135.15196228]
   [ 135.76245117  131.83383179  137.62939453]
   [ 129.72303772  125.11476898  135.38475037]]

  [[  70.95607758   65.68973541   74.45489502]
   [  64.68066406   63.53887177   71.06929016]
   [  62.14413452   57.62983704   59.58959961]
   ..., 
   [ 149.16174316  144.21873474  131.28918457]
   [ 142.25680542  134.92802429  141.90830994]
   [ 139.13716125  130.19989014  138.95193481]]

  [[  68.75100708   62.49546814   66.86917114]
   [  65.91195679   60.83435822   62.44908142]
   [  67.32400513   60.33729553   59.03773499]
   ..., 
   [ 151.78607178  154.17495728  133.4822998 ]
   [ 142.59298706  143.20033264  134.87190247]
   [ 138.15100098  136.97491455  136.62524414]]

  ..., 
  [[ 121.35597992  118.63682556  133.59490967]
   [ 119.81892395  119.58206177  137.75360107]
   [ 121.09049988  125.58869934  133.6925354 ]
   ..., 
   [ 115.33118439  118.70816803  128.8697052 ]
   [ 116.05007172  118.51991272  128.32156372]
   [ 117.67281342  122.1097641   128.19281006]]

  [[ 126.74655151  119.92457581  137.11425781]
   [ 116.41706085  116.61262512  136.56759644]
   [ 117.16374207  116.69482422  129.36454773]
   ..., 
   [ 101.38399506  103.10812378  123.17849731]
   [ 105.22447205  107.72318268  123.69705963]
   [ 112.26250458  112.11708069  125.82987213]]

  [[ 119.42164612  117.08703613  129.3291626 ]
   [ 114.20657349  112.45870209  128.40299988]
   [ 115.90391541  115.3589859   127.41871643]
   ..., 
   [  99.22215271  102.12909698  124.38030243]
   [ 103.69298553  106.84716034  127.15913391]
   [ 113.42778778  113.73234558  128.11024475]]]] (1134526.1, 2592781.0, 67176.914, 3794484.0) 4000 1
Epoch 1, Iteration: 4000, Loss: 3.79448e+06
style: 1.13453e+06, content:2.59278e+06, tv: 67176.9
2017-07-21 17:07:23.447434: I tensorflow/core/common_runtime/gpu/gpu_device.cc:977] Creating TensorFlow device (/gpu:0) -> (device: 0, name: Tesla M40 24GB, pci bus id: 0000:03:00.0)
[[[[ 134.26399231  122.55853271  143.07807922]
   [ 132.00628662  124.45846558  152.5506134 ]
   [ 117.32107544  115.73462677  143.07246399]
   ..., 
   [  85.07044983   85.83811951  113.96014404]
   [  74.51161194   83.39350891  107.97744751]
   [  68.19416809   76.38968658   88.00798035]]

  [[ 140.8853302   127.26077271  147.72952271]
   [ 134.10069275  122.60752106  157.61360168]
   [ 129.08462524  120.10121155  148.24246216]
   ..., 
   [  84.37020874   86.75437927   97.51038361]
   [  83.56057739   88.78494263  113.88192749]
   [  80.0881424    88.23747253   94.84875488]]

  [[ 137.84291077  135.60128784  155.52127075]
   [ 131.08514404  127.93312836  159.99163818]
   [ 125.47038269  127.35103607  151.26643372]
   ..., 
   [  75.91407013   84.94258118   98.2484436 ]
   [  72.56361389   88.58447266  110.53352356]
   [  79.78399658   93.26000977  110.39109802]]

  ..., 
  [[  57.08838654   65.09896088   84.95788574]
   [  69.57885742   76.59011841   90.79826355]
   [  70.44950867   83.47706604   88.40590668]
   ..., 
   [  37.13142395   42.41246033   46.3846283 ]
   [  41.32820892   55.14446259   49.53981781]
   [  31.17643738   40.47958374   51.97694397]]

  [[  65.98068237   67.8768692    89.71134949]
   [  63.03598022   76.23977661   90.89118958]
   [  63.98008347   77.95176697   85.96037292]
   ..., 
   [  35.1084671    42.26278687   49.47823334]
   [  41.15200043   52.24229431   56.75552368]
   [  40.80739594   48.58537292   66.72367096]]

  [[  70.63638306   76.85183716   91.12141418]
   [  71.85720825   78.06640625   91.6446228 ]
   [  62.98179626   76.19996643   80.98092651]
   ..., 
   [  39.28806305   50.90624237   53.93417358]
   [  40.37780762   55.08106995   55.85847473]
   [  47.3197403    57.92299652   74.40383911]]]] (1547668.9, 2125987.0, 68339.32, 3741995.2) 6000 1
Epoch 1, Iteration: 6000, Loss: 3.742e+06
style: 1.54767e+06, content:2.12599e+06, tv: 68339.3
2017-07-21 17:11:48.260011: I tensorflow/core/common_runtime/gpu/gpu_device.cc:977] Creating TensorFlow device (/gpu:0) -> (device: 0, name: Tesla M40 24GB, pci bus id: 0000:03:00.0)
[[[[ 102.38054657   90.70730591   97.72823334]
   [  98.17757416   91.42471313   93.45207214]
   [  95.38741302   85.79967499   88.6910553 ]
   ..., 
   [  91.61434937   90.72146606   94.3690033 ]
   [  79.2703476    79.84604645   91.85214233]
   [  76.42024231   77.37538147   83.96611023]]

  [[  97.51352692   90.77827454   93.09794617]
   [  96.86895752   87.93983459   94.51622009]
   [  94.85461426   90.64356995   89.24633026]
   ..., 
   [  90.14997864   90.02528381   95.91296387]
   [  83.94580841   89.17385101  101.18144989]
   [  77.76016235   81.67460632   89.70001984]]

  [[ 102.07978058   91.42926025   94.88952637]
   [ 102.25177002   92.27432251   95.44824982]
   [ 101.29937744   91.28050995   93.49021149]
   ..., 
   [  85.84028625   84.72167969   89.33872223]
   [  82.22491455   83.10561371   98.10646057]
   [  82.87388611   84.7498703    95.72647858]]

  ..., 
  [[  46.9043808    47.98416138   62.39996338]
   [  51.77901459   51.96264648   61.17832184]
   [  55.08154297   54.22875214   64.4441452 ]
   ..., 
   [  42.06652832   41.7876358    62.53220367]
   [  44.09790802   54.89081573   56.13379669]
   [  47.7973938    54.52966309   62.18330383]]

  [[  52.5798645    54.97824097   73.86824036]
   [  48.29227448   54.24781036   66.48364258]
   [  50.46836853   54.10429382   63.05515289]
   ..., 
   [  43.77334595   40.45976257   56.88794708]
   [  48.59831238   58.07382202   65.70908356]
   [  54.49726105   60.63278198   74.65621185]]

  [[  58.62986755   61.41467285   81.36974335]
   [  55.90150452   60.97640991   71.12663269]
   [  58.50571442   56.03422546   68.05170441]
   ..., 
   [  49.95796967   57.95615387   63.21832275]
   [  47.19620514   59.98684692   65.82922363]
   [  56.69111633   67.213974     76.44798279]]]] (2615748.0, 2709169.0, 74574.398, 5399491.5) 8000 1
Epoch 1, Iteration: 8000, Loss: 5.39949e+06
style: 2.61575e+06, content:2.70917e+06, tv: 74574.4
2017-07-21 17:16:13.274752: I tensorflow/core/common_runtime/gpu/gpu_device.cc:977] Creating TensorFlow device (/gpu:0) -> (device: 0, name: Tesla M40 24GB, pci bus id: 0000:03:00.0)
[[[[ 103.69841003   84.71067047   96.28482056]
   [  92.32014465   75.20913696   97.7158432 ]
   [  92.4416275    72.88276672   88.87483978]
   ..., 
   [  71.07827759   62.49817657   74.45027161]
   [  68.4851532    65.79374695   72.43344879]
   [  66.78993225   69.26665497   65.03530884]]

  [[  91.32150269   84.48131561   90.22116089]
   [  82.86090088   67.49519348   97.75643158]
   [  83.59282684   81.5135498    83.02333069]
   ..., 
   [  72.86775208   70.16182709   73.53199768]
   [  71.2428894    79.65716553   74.87723541]
   [  72.66212463   76.38209534   70.11482239]]

  [[  94.20849609   74.04441833   88.4673996 ]
   [  82.77472687   69.8835144    90.27633667]
   [  99.83546448   79.14117432   85.8871994 ]
   ..., 
   [  73.99166107   69.55725098   71.23323059]
   [  75.68464661   71.69702148   76.65101624]
   [  74.99395752   76.28133392   77.3886795 ]]

  ..., 
  [[  62.23323059   61.65126801   65.85835266]
   [  67.47036743   57.75972748   72.71160126]
   [  74.10774231   64.33319092   70.94922638]
   ..., 
   [  30.81215668   26.15164948   32.12005615]
   [  29.93874359   39.13481903   30.2008667 ]
   [  19.1728363    26.72093201   26.56217957]]

  [[  66.74520874   65.0044632    71.8089447 ]
   [  56.27757263   53.90219879   65.24879456]
   [  70.1232605    64.50907898   68.66744995]
   ..., 
   [  22.21273804   23.69779968   27.96229553]
   [  26.8584137    33.69298553   35.41867065]
   [  26.80645752   32.97948456   38.97387695]]

  [[  71.47940063   75.2407074    83.17606354]
   [  61.47525024   64.07117462   72.75699615]
   [  70.06208801   70.51802826   70.57333374]
   ..., 
   [  27.09043121   33.34017944   39.7527771 ]
   [  29.13185883   40.84986877   41.65523529]
   [  36.1387558    44.99741364   59.74043274]]]] (1750402.0, 3309038.0, 75956.188, 5135396.0) 10000 1
Epoch 1, Iteration: 10000, Loss: 5.1354e+06
style: 1.7504e+06, content:3.30904e+06, tv: 75956.2
2017-07-21 17:20:39.273931: I tensorflow/core/common_runtime/gpu/gpu_device.cc:977] Creating TensorFlow device (/gpu:0) -> (device: 0, name: Tesla M40 24GB, pci bus id: 0000:03:00.0)
[[[[ 154.84069824  140.3230896   158.34062195]
   [ 158.09385681  143.08726501  172.76721191]
   [ 152.87591553  146.11032104  170.60494995]
   ..., 
   [ 156.06098938  148.37667847  165.25689697]
   [ 143.08235168  138.58656311  159.08279419]
   [ 130.12654114  128.1370697   143.22332764]]

  [[ 159.07415771  142.677948    162.39932251]
   [ 156.97061157  143.06492615  177.88014221]
   [ 153.52012634  142.6648407   170.68591309]
   ..., 
   [ 161.037323    156.71803284  164.80834961]
   [ 151.32606506  145.5644989   168.23027039]
   [ 143.59054565  138.83676147  152.84632874]]

  [[ 158.95407104  151.9594574   168.18026733]
   [ 153.63903809  147.28569031  179.05178833]
   [ 146.5302887   148.56666565  169.09786987]
   ..., 
   [ 150.56251526  159.97640991  158.95191956]
   [ 145.07481384  152.46231079  162.81832886]
   [ 148.80715942  152.394104    161.25491333]]

  ..., 
  [[  23.16364288   30.97641754   39.19808197]
   [  25.70729065   36.3708725    31.16162109]
   [  26.84977722   44.50217438   29.52156067]
   ..., 
   [  38.21743011   51.65733337   63.34527588]
   [  37.9444046    56.82767487   65.48087311]
   [  35.64253235   52.4666748    63.43593597]]

  [[  26.91421509   35.18932343   43.10570526]
   [  20.43561554   35.69506836   31.54351044]
   [  25.45911407   42.04768372   30.18764496]
   ..., 
   [  30.7029953    45.862854     59.50312805]
   [  35.89530945   54.0513382    68.29042053]
   [  41.66931915   57.37971497   72.74649048]]

  [[  38.2686615    46.54523468   55.99880981]
   [  31.72387695   42.42024231   41.57872772]
   [  29.77098083   40.97348022   37.28333282]
   ..., 
   [  43.2460022    58.10014343   69.90086365]
   [  44.60528564   62.7942276    72.0456543 ]
   [  54.32366943   69.00488281   83.12214661]]]] (2447910.2, 2593210.5, 73169.586, 5114290.5) 12000 1
Epoch 1, Iteration: 12000, Loss: 5.11429e+06
style: 2.44791e+06, content:2.59321e+06, tv: 73169.6
2017-07-21 17:25:04.854711: I tensorflow/core/common_runtime/gpu/gpu_device.cc:977] Creating TensorFlow device (/gpu:0) -> (device: 0, name: Tesla M40 24GB, pci bus id: 0000:03:00.0)
[[[[  96.69425964   79.07693481  107.8147583 ]
   [  86.39660645   74.70523071  108.03891754]
   [  70.82546997   67.69502258   90.97454071]
   ..., 
   [  32.65925598   34.72840118   43.87528229]
   [  29.17204285   41.51289368   48.92819977]
   [  27.63124084   42.8687973    41.35708618]]

  [[  94.03586578   75.23674774  111.0016861 ]
   [  81.16552734   68.11643982  115.1396637 ]
   [  69.04774475   54.04750061   84.54182434]
   ..., 
   [  36.37702942   38.31552887   29.72229004]
   [  33.3957901    41.07025146   48.1548996 ]
   [  36.27442169   45.42495728   45.7092514 ]]

  [[  86.79984283   68.98669434  113.19123077]
   [  82.15631104   65.05867004  118.12406921]
   [  62.82071686   48.85604095   84.2808609 ]
   ..., 
   [  33.54786682   40.02770996   38.75206757]
   [  26.31895447   40.29840851   55.92813873]
   [  36.0728302    47.52842712   63.32398224]]

  ..., 
  [[  70.84355164   68.66290283   80.87493896]
   [  79.43384552   69.33230591   85.77275848]
   [  78.91442871   74.61138916   76.7817688 ]
   ..., 
   [  61.95951843   57.83087158   56.19102478]
   [  53.445755     60.24295807   52.16909027]
   [  49.88087463   57.52809906   60.18022919]]

  [[  78.66897583   71.10279846   93.88533783]
   [  73.5151825    67.91929626   86.89428711]
   [  76.87145233   71.08644104   79.08513641]
   ..., 
   [  55.43019867   53.0883255    57.3098526 ]
   [  51.25083923   57.8473587    54.935112  ]
   [  55.783638     60.64396667   69.13514709]]

  [[  77.11961365   76.50585938   92.68218994]
   [  79.38302612   72.75160217   90.59500885]
   [  80.82919312   77.65104675   82.89602661]
   ..., 
   [  62.72252655   61.35703278   69.60780334]
   [  59.21974945   65.34356689   66.30033875]
   [  67.32180023   68.58613586   80.08151245]]]] (1318895.4, 2981924.8, 63865.102, 4364685.0) 14000 1
Epoch 1, Iteration: 14000, Loss: 4.36468e+06
style: 1.3189e+06, content:2.98192e+06, tv: 63865.1
2017-07-21 17:29:31.105780: I tensorflow/core/common_runtime/gpu/gpu_device.cc:977] Creating TensorFlow device (/gpu:0) -> (device: 0, name: Tesla M40 24GB, pci bus id: 0000:03:00.0)
[[[[ 76.37129974  71.82309723  87.37014771]
   [ 67.36671448  66.31578064  81.65952301]
   [ 57.82447052  57.12785339  72.02789307]
   ..., 
   [ 62.44475555  63.91189575  62.364151  ]
   [ 60.08677673  65.55264282  64.91110229]
   [ 56.18438721  63.34879303  61.98841858]]

  [[ 67.87353516  61.83398438  77.49491882]
   [ 61.42744446  60.10180664  75.95059204]
   [ 50.15759277  47.97515106  64.19261932]
   ..., 
   [ 58.24653625  62.56265259  59.18047333]
   [ 59.6800766   64.42869568  65.65475464]
   [ 56.08708954  63.6913681   61.40380859]]

  [[ 63.454216    59.88720703  70.94179535]
   [ 61.65763855  58.60393524  71.16633606]
   [ 52.72306061  51.1187439   63.0750885 ]
   ..., 
   [ 59.6311264   61.96074677  65.33789062]
   [ 58.84287262  64.54681396  70.64416504]
   [ 57.38105011  64.32300568  70.14663696]]

  ..., 
  [[ 41.51668549  40.42195892  51.79263306]
   [ 45.93276978  43.99240875  51.63897705]
   [ 49.54772186  44.19720459  53.37895203]
   ..., 
   [ 65.51833344  64.39797211  67.13367462]
   [ 60.29573059  66.64205933  72.13559723]
   [ 54.69873047  61.03878784  71.1966095 ]]

  [[ 48.92293549  52.02159882  66.83835602]
   [ 42.24425507  47.62368011  58.93894958]
   [ 44.514534    47.27973175  55.9907608 ]
   ..., 
   [ 57.75282288  61.43279266  64.95513153]
   [ 55.46689606  63.63622284  73.2772522 ]
   [ 55.38182068  65.1680603   77.54779053]]

  [[ 58.07104492  59.30027008  74.90904236]
   [ 53.41601562  56.21988678  64.7507782 ]
   [ 52.95903015  48.99172211  59.19241333]
   ..., 
   [ 61.4102478   67.63392639  71.41993713]
   [ 59.81767273  69.13227844  75.46884155]
   [ 64.27964783  71.50444031  84.80226135]]]] (1953251.5, 1925585.8, 69244.555, 3948081.8) 16000 1
Epoch 1, Iteration: 16000, Loss: 3.94808e+06
style: 1.95325e+06, content:1.92559e+06, tv: 69244.6
2017-07-21 17:33:58.033299: I tensorflow/core/common_runtime/gpu/gpu_device.cc:977] Creating TensorFlow device (/gpu:0) -> (device: 0, name: Tesla M40 24GB, pci bus id: 0000:03:00.0)
[[[[ 67.47284698  62.0888443   77.15380859]
   [ 59.78121948  56.2834549   69.24346924]
   [ 53.02465057  50.66386414  55.79579926]
   ..., 
   [ 30.08926392  35.71761322  25.31730652]
   [ 27.53231812  36.5613327   31.92778015]
   [ 25.23225403  36.62901306  25.29779816]]

  [[ 59.51293182  55.35340881  64.31884003]
   [ 55.1140213   54.85670471  62.7983551 ]
   [ 50.47650909  48.05406952  52.83732605]
   ..., 
   [ 23.16455841  28.63187408  20.94000244]
   [ 28.30079651  32.76516724  35.56365967]
   [ 26.74371338  37.33630371  28.80715179]]

  [[ 57.69968414  55.24629211  58.37671661]
   [ 56.53610992  55.15715027  58.46405792]
   [ 52.43512726  49.96517181  50.94369507]
   ..., 
   [ 19.16937256  26.10703278  29.09305573]
   [ 23.44315338  32.37459564  40.89229584]
   [ 24.8288269   35.46021271  36.29798889]]

  ..., 
  [[ 22.61631012  25.46055603  31.11244202]
   [ 27.32274628  26.69135284  33.46216583]
   [ 24.88591003  22.66690063  34.87969971]
   ..., 
   [ 39.64633942  40.12060547  40.77869415]
   [ 39.29813385  46.16339111  51.73658752]
   [ 30.67132568  39.66268921  41.64840698]]

  [[ 30.89002991  32.39067078  45.22701263]
   [ 19.62478638  25.68343353  32.62466431]
   [ 20.92085266  23.06944275  30.91452789]
   ..., 
   [ 31.07233429  37.9692688   38.39027405]
   [ 31.29393768  44.13085175  49.15161896]
   [ 31.92533112  43.63467407  52.96759033]]

  [[ 36.88436127  44.93071747  57.48355865]
   [ 28.28390503  33.26768494  43.44684601]
   [ 21.36434937  25.99111938  31.8768692 ]
   ..., 
   [ 36.21348572  45.53844452  44.54673004]
   [ 34.54449463  47.67256165  51.17908478]
   [ 39.40592194  51.19287109  60.99209595]]]] (1290665.0, 3042597.2, 68031.297, 4401293.5) 18000 1
Epoch 1, Iteration: 18000, Loss: 4.40129e+06
style: 1.29066e+06, content:3.0426e+06, tv: 68031.3
2017-07-21 17:38:26.050952: I tensorflow/core/common_runtime/gpu/gpu_device.cc:977] Creating TensorFlow device (/gpu:0) -> (device: 0, name: Tesla M40 24GB, pci bus id: 0000:03:00.0)
[[[[  32.27970123   41.18107605   61.79362488]
   [  28.05391693   37.04692078   46.91703796]
   [  15.87109375   27.7192688    35.16423798]
   ..., 
   [ 156.12696838  149.54981995  169.79611206]
   [ 143.27148438  141.22966003  168.80172729]
   [ 134.28996277  131.68942261  154.0843811 ]]

  [[  28.56868744   26.38816071   55.20860291]
   [  20.80528259   30.09663391   37.61815643]
   [  13.90538788   13.47215271   33.70764923]
   ..., 
   [ 163.65338135  157.86082458  163.94856262]
   [ 156.52307129  148.83108521  176.68994141]
   [ 145.36022949  139.3364563   158.29959106]]

  [[  19.73249054   26.59513855   44.73226929]
   [  19.5606308    25.13036346   35.21090698]
   [   9.05317688   18.9748764    32.782547  ]
   ..., 
   [ 149.70140076  155.97756958  150.67565918]
   [ 149.39646912  152.66810608  165.68125916]
   [ 147.75723267  150.23388672  165.81231689]]

  ..., 
  [[  14.30813599   19.11746216   29.71778107]
   [  17.5629425    24.63410187   30.81630707]
   [  15.5697403    17.00843811   38.18510437]
   ..., 
   [  67.68769836   22.73847961   25.52688599]
   [  58.61963654   41.46004486   31.56023407]
   [  36.13868713   27.18193054   34.48922729]]

  [[  18.17926788   25.9804306    38.44396973]
   [  11.60356903   22.25049591   29.30500793]
   [   9.81891632   19.19863129   26.27657318]
   ..., 
   [  53.2822113    25.86215973   29.76085663]
   [  51.87797546   34.48916626   35.99980164]
   [  39.6829834    35.35134888   46.93215942]]

  [[  24.77133942   34.81097412   51.33975983]
   [  17.58142853   30.81137085   36.34276581]
   [  13.52360535   19.94294739   28.42147064]
   ..., 
   [  50.92586517   32.11634827   48.32455444]
   [  45.84021759   39.74675751   45.06507874]
   [  49.87450409   44.38755035   68.6502533 ]]]] (1454898.8, 2490059.8, 68662.203, 4013620.8) 20000 1
Epoch 1, Iteration: 20000, Loss: 4.01362e+06
style: 1.4549e+06, content:2.49006e+06, tv: 68662.2
2017-07-21 17:42:53.261724: I tensorflow/core/common_runtime/gpu/gpu_device.cc:977] Creating TensorFlow device (/gpu:0) -> (device: 0, name: Tesla M40 24GB, pci bus id: 0000:03:00.0)
[[[[ 115.93180084  104.602005    122.42938995]
   [ 112.05425262  104.85253906  120.53688812]
   [ 126.24053955  111.0513916   107.76980591]
   ..., 
   [  59.57792664   61.32060242   70.14372253]
   [  57.04142761   64.14887238   71.8146286 ]
   [  50.01618195   59.64894867   60.4995575 ]]

  [[ 115.25468445  112.23836517  124.22146606]
   [ 118.59616852  114.1545639   128.49214172]
   [ 126.61302948  126.33416748  115.28627014]
   ..., 
   [  52.17930603   58.66043854   65.95565033]
   [  54.68266296   65.72978973   73.68795776]
   [  51.18439484   62.85379791   65.28713226]]

  [[ 129.72731018  120.32356262  136.88650513]
   [ 131.41444397  120.12711334  132.81436157]
   [ 137.65771484  129.48028564  124.35305786]
   ..., 
   [  53.95119476   62.97619629   67.5038147 ]
   [  59.73274231   66.57295227   78.18147278]
   [  55.64118195   64.97856903   71.40763855]]

  ..., 
  [[  34.29103851   38.0319519    51.43251801]
   [  43.29264069   49.61986542   54.78961182]
   [  40.15718842   52.00177002   55.78211975]
   ..., 
   [  14.28381348   20.25537872   21.22901154]
   [  16.30838013   28.81275177   32.33669281]
   [  11.24725342   24.0464859    24.98430634]]

  [[  39.33113098   45.67810822   66.36222839]
   [  37.00305176   48.79547882   57.62824249]
   [  38.02157593   51.34088135   59.14532471]
   ..., 
   [  10.98539734   19.22535706   23.20383453]
   [  13.36212921   27.7609024    34.00669861]
   [  14.7219162    28.98222351   37.67787933]]

  [[  47.57122803   55.8066864    73.73591614]
   [  44.01034546   53.71242523   60.28917694]
   [  41.90254211   54.80058289   57.38988495]
   ..., 
   [  18.58137512   29.66160583   31.2448349 ]
   [  18.27322388   33.17543793   38.74681854]
   [  24.13396454   38.52857208   49.22083282]]]] (1116554.5, 1629734.4, 65593.812, 2811882.8) 22000 1
Epoch 1, Iteration: 22000, Loss: 2.81188e+06
style: 1.11655e+06, content:1.62973e+06, tv: 65593.8
2017-07-21 17:47:21.354668: I tensorflow/core/common_runtime/gpu/gpu_device.cc:977] Creating TensorFlow device (/gpu:0) -> (device: 0, name: Tesla M40 24GB, pci bus id: 0000:03:00.0)
Traceback (most recent call last):
  File "style.py", line 176, in <module>
    main()
  File "style.py", line 151, in main
    for preds, losses, i, epoch in optimize(*args, **kwargs):
  File "src/optimize.py", line 116, in optimize
    train_step.run(feed_dict=feed_dict)
  File "/home/zhanghao16/tf/lib/python2.7/site-packages/tensorflow/python/framework/ops.py", line 1552, in run
    _run_using_default_session(self, feed_dict, self.graph, session)
  File "/home/zhanghao16/tf/lib/python2.7/site-packages/tensorflow/python/framework/ops.py", line 3776, in _run_using_default_session
    session.run(operation, feed_dict)
  File "/home/zhanghao16/tf/lib/python2.7/site-packages/tensorflow/python/client/session.py", line 778, in run
    run_metadata_ptr)
  File "/home/zhanghao16/tf/lib/python2.7/site-packages/tensorflow/python/client/session.py", line 982, in _run
    feed_dict_string, options, run_metadata)
  File "/home/zhanghao16/tf/lib/python2.7/site-packages/tensorflow/python/client/session.py", line 1032, in _do_run
    target_list, options, run_metadata)
  File "/home/zhanghao16/tf/lib/python2.7/site-packages/tensorflow/python/client/session.py", line 1039, in _do_call
    return fn(*args)
  File "/home/zhanghao16/tf/lib/python2.7/site-packages/tensorflow/python/client/session.py", line 1021, in _run_fn
    status, run_metadata)
KeyboardInterrupt
